INFO - 2023-04-10 01:59:22 --> Session: Class initialized using 'CodeIgniter\Session\Handlers\FileHandler' driver.
INFO - 2023-04-10 01:59:29 --> Session: Class initialized using 'CodeIgniter\Session\Handlers\FileHandler' driver.
CRITICAL - 2023-04-10 04:29:08 --> Call to a member function isValid() on null
in APPPATH\Controllers\Book.php on line 82.
 1 SYSTEMPATH\CodeIgniter.php(934): App\Controllers\Book->addBook()
 2 SYSTEMPATH\CodeIgniter.php(499): CodeIgniter\CodeIgniter->runController(Object(App\Controllers\Book))
 3 SYSTEMPATH\CodeIgniter.php(368): CodeIgniter\CodeIgniter->handleRequest(null, Object(Config\Cache), false)
 4 FCPATH\index.php(67): CodeIgniter\CodeIgniter->run()
 5 SYSTEMPATH\Commands\Server\rewrite.php(47): require_once('C:\\LEARNING PGT\\CI 4 LEARNING\\Pratice\\my-crud\\public\\index.php')
CRITICAL - 2023-04-10 04:29:39 --> Call to a member function isValid() on null
in APPPATH\Controllers\Book.php on line 82.
 1 SYSTEMPATH\CodeIgniter.php(934): App\Controllers\Book->addBook()
 2 SYSTEMPATH\CodeIgniter.php(499): CodeIgniter\CodeIgniter->runController(Object(App\Controllers\Book))
 3 SYSTEMPATH\CodeIgniter.php(368): CodeIgniter\CodeIgniter->handleRequest(null, Object(Config\Cache), false)
 4 FCPATH\index.php(67): CodeIgniter\CodeIgniter->run()
 5 SYSTEMPATH\Commands\Server\rewrite.php(47): require_once('C:\\LEARNING PGT\\CI 4 LEARNING\\Pratice\\my-crud\\public\\index.php')
CRITICAL - 2023-04-10 04:31:45 --> Call to a member function isValid() on null
in APPPATH\Controllers\Book.php on line 82.
 1 SYSTEMPATH\CodeIgniter.php(934): App\Controllers\Book->addBook()
 2 SYSTEMPATH\CodeIgniter.php(499): CodeIgniter\CodeIgniter->runController(Object(App\Controllers\Book))
 3 SYSTEMPATH\CodeIgniter.php(368): CodeIgniter\CodeIgniter->handleRequest(null, Object(Config\Cache), false)
 4 FCPATH\index.php(67): CodeIgniter\CodeIgniter->run()
 5 SYSTEMPATH\Commands\Server\rewrite.php(47): require_once('C:\\LEARNING PGT\\CI 4 LEARNING\\Pratice\\my-crud\\public\\index.php')
CRITICAL - 2023-04-10 04:35:49 --> Call to a member function isValid() on null
in APPPATH\Controllers\Book.php on line 82.
 1 SYSTEMPATH\CodeIgniter.php(934): App\Controllers\Book->addBook()
 2 SYSTEMPATH\CodeIgniter.php(499): CodeIgniter\CodeIgniter->runController(Object(App\Controllers\Book))
 3 SYSTEMPATH\CodeIgniter.php(368): CodeIgniter\CodeIgniter->handleRequest(null, Object(Config\Cache), false)
 4 FCPATH\index.php(67): CodeIgniter\CodeIgniter->run()
 5 SYSTEMPATH\Commands\Server\rewrite.php(47): require_once('C:\\LEARNING PGT\\CI 4 LEARNING\\Pratice\\my-crud\\public\\index.php')
CRITICAL - 2023-04-10 04:36:26 --> Call to a member function isValid() on null
in APPPATH\Controllers\Book.php on line 82.
 1 SYSTEMPATH\CodeIgniter.php(934): App\Controllers\Book->addBook()
 2 SYSTEMPATH\CodeIgniter.php(499): CodeIgniter\CodeIgniter->runController(Object(App\Controllers\Book))
 3 SYSTEMPATH\CodeIgniter.php(368): CodeIgniter\CodeIgniter->handleRequest(null, Object(Config\Cache), false)
 4 FCPATH\index.php(67): CodeIgniter\CodeIgniter->run()
 5 SYSTEMPATH\Commands\Server\rewrite.php(47): require_once('C:\\LEARNING PGT\\CI 4 LEARNING\\Pratice\\my-crud\\public\\index.php')
CRITICAL - 2023-04-10 04:43:08 --> Call to a member function isValid() on null
in APPPATH\Controllers\Book.php on line 82.
 1 SYSTEMPATH\CodeIgniter.php(934): App\Controllers\Book->addBook()
 2 SYSTEMPATH\CodeIgniter.php(499): CodeIgniter\CodeIgniter->runController(Object(App\Controllers\Book))
 3 SYSTEMPATH\CodeIgniter.php(368): CodeIgniter\CodeIgniter->handleRequest(null, Object(Config\Cache), false)
 4 FCPATH\index.php(67): CodeIgniter\CodeIgniter->run()
 5 SYSTEMPATH\Commands\Server\rewrite.php(47): require_once('C:\\LEARNING PGT\\CI 4 LEARNING\\Pratice\\my-crud\\public\\index.php')
CRITICAL - 2023-04-10 04:44:43 --> Call to a member function hasMoved() on null
in APPPATH\Controllers\Book.php on line 81.
 1 SYSTEMPATH\CodeIgniter.php(934): App\Controllers\Book->addBook()
 2 SYSTEMPATH\CodeIgniter.php(499): CodeIgniter\CodeIgniter->runController(Object(App\Controllers\Book))
 3 SYSTEMPATH\CodeIgniter.php(368): CodeIgniter\CodeIgniter->handleRequest(null, Object(Config\Cache), false)
 4 FCPATH\index.php(67): CodeIgniter\CodeIgniter->run()
 5 SYSTEMPATH\Commands\Server\rewrite.php(47): require_once('C:\\LEARNING PGT\\CI 4 LEARNING\\Pratice\\my-crud\\public\\index.php')
CRITICAL - 2023-04-10 04:48:29 --> Call to a member function hasMoved() on null
in APPPATH\Controllers\Book.php on line 81.
 1 SYSTEMPATH\CodeIgniter.php(934): App\Controllers\Book->addBook()
 2 SYSTEMPATH\CodeIgniter.php(499): CodeIgniter\CodeIgniter->runController(Object(App\Controllers\Book))
 3 SYSTEMPATH\CodeIgniter.php(368): CodeIgniter\CodeIgniter->handleRequest(null, Object(Config\Cache), false)
 4 FCPATH\index.php(67): CodeIgniter\CodeIgniter->run()
 5 SYSTEMPATH\Commands\Server\rewrite.php(47): require_once('C:\\LEARNING PGT\\CI 4 LEARNING\\Pratice\\my-crud\\public\\index.php')
CRITICAL - 2023-04-10 04:50:11 --> Call to a member function isValid() on null
in APPPATH\Controllers\Book.php on line 82.
 1 SYSTEMPATH\CodeIgniter.php(934): App\Controllers\Book->addBook()
 2 SYSTEMPATH\CodeIgniter.php(499): CodeIgniter\CodeIgniter->runController(Object(App\Controllers\Book))
 3 SYSTEMPATH\CodeIgniter.php(368): CodeIgniter\CodeIgniter->handleRequest(null, Object(Config\Cache), false)
 4 FCPATH\index.php(67): CodeIgniter\CodeIgniter->run()
 5 SYSTEMPATH\Commands\Server\rewrite.php(47): require_once('C:\\LEARNING PGT\\CI 4 LEARNING\\Pratice\\my-crud\\public\\index.php')
CRITICAL - 2023-04-10 04:53:06 --> Call to a member function isValid() on null
in APPPATH\Controllers\Book.php on line 82.
 1 SYSTEMPATH\CodeIgniter.php(934): App\Controllers\Book->addBook()
 2 SYSTEMPATH\CodeIgniter.php(499): CodeIgniter\CodeIgniter->runController(Object(App\Controllers\Book))
 3 SYSTEMPATH\CodeIgniter.php(368): CodeIgniter\CodeIgniter->handleRequest(null, Object(Config\Cache), false)
 4 FCPATH\index.php(67): CodeIgniter\CodeIgniter->run()
 5 SYSTEMPATH\Commands\Server\rewrite.php(47): require_once('C:\\LEARNING PGT\\CI 4 LEARNING\\Pratice\\my-crud\\public\\index.php')
CRITICAL - 2023-04-10 05:01:23 --> Call to a member function isValid() on null
in APPPATH\Controllers\Book.php on line 82.
 1 SYSTEMPATH\CodeIgniter.php(934): App\Controllers\Book->addBook()
 2 SYSTEMPATH\CodeIgniter.php(499): CodeIgniter\CodeIgniter->runController(Object(App\Controllers\Book))
 3 SYSTEMPATH\CodeIgniter.php(368): CodeIgniter\CodeIgniter->handleRequest(null, Object(Config\Cache), false)
 4 FCPATH\index.php(67): CodeIgniter\CodeIgniter->run()
 5 SYSTEMPATH\Commands\Server\rewrite.php(47): require_once('C:\\LEARNING PGT\\CI 4 LEARNING\\Pratice\\my-crud\\public\\index.php')
CRITICAL - 2023-04-10 06:19:45 --> Call to a member function move() on null
in APPPATH\Controllers\Book.php on line 89.
 1 SYSTEMPATH\CodeIgniter.php(934): App\Controllers\Book->addBook()
 2 SYSTEMPATH\CodeIgniter.php(499): CodeIgniter\CodeIgniter->runController(Object(App\Controllers\Book))
 3 SYSTEMPATH\CodeIgniter.php(368): CodeIgniter\CodeIgniter->handleRequest(null, Object(Config\Cache), false)
 4 FCPATH\index.php(67): CodeIgniter\CodeIgniter->run()
 5 SYSTEMPATH\Commands\Server\rewrite.php(47): require_once('C:\\LEARNING PGT\\CI 4 LEARNING\\Pratice\\my-crud\\public\\index.php')
CRITICAL - 2023-04-10 06:20:54 --> Call to a member function move() on null
in APPPATH\Controllers\Book.php on line 89.
 1 SYSTEMPATH\CodeIgniter.php(934): App\Controllers\Book->addBook()
 2 SYSTEMPATH\CodeIgniter.php(499): CodeIgniter\CodeIgniter->runController(Object(App\Controllers\Book))
 3 SYSTEMPATH\CodeIgniter.php(368): CodeIgniter\CodeIgniter->handleRequest(null, Object(Config\Cache), false)
 4 FCPATH\index.php(67): CodeIgniter\CodeIgniter->run()
 5 SYSTEMPATH\Commands\Server\rewrite.php(47): require_once('C:\\LEARNING PGT\\CI 4 LEARNING\\Pratice\\my-crud\\public\\index.php')
CRITICAL - 2023-04-10 06:20:58 --> Call to a member function move() on null
in APPPATH\Controllers\Book.php on line 89.
 1 SYSTEMPATH\CodeIgniter.php(934): App\Controllers\Book->addBook()
 2 SYSTEMPATH\CodeIgniter.php(499): CodeIgniter\CodeIgniter->runController(Object(App\Controllers\Book))
 3 SYSTEMPATH\CodeIgniter.php(368): CodeIgniter\CodeIgniter->handleRequest(null, Object(Config\Cache), false)
 4 FCPATH\index.php(67): CodeIgniter\CodeIgniter->run()
 5 SYSTEMPATH\Commands\Server\rewrite.php(47): require_once('C:\\LEARNING PGT\\CI 4 LEARNING\\Pratice\\my-crud\\public\\index.php')
INFO - 2023-04-10 06:22:01 --> Session: Class initialized using 'CodeIgniter\Session\Handlers\FileHandler' driver.
CRITICAL - 2023-04-10 06:28:18 --> Call to a member function move() on null
in APPPATH\Controllers\Book.php on line 89.
 1 SYSTEMPATH\CodeIgniter.php(934): App\Controllers\Book->addBook()
 2 SYSTEMPATH\CodeIgniter.php(499): CodeIgniter\CodeIgniter->runController(Object(App\Controllers\Book))
 3 SYSTEMPATH\CodeIgniter.php(368): CodeIgniter\CodeIgniter->handleRequest(null, Object(Config\Cache), false)
 4 FCPATH\index.php(67): CodeIgniter\CodeIgniter->run()
 5 SYSTEMPATH\Commands\Server\rewrite.php(47): require_once('C:\\LEARNING PGT\\CI 4 LEARNING\\Pratice\\my-crud\\public\\index.php')
CRITICAL - 2023-04-10 06:31:15 --> Call to a member function getName() on null
in APPPATH\Controllers\Book.php on line 92.
 1 SYSTEMPATH\CodeIgniter.php(934): App\Controllers\Book->addBook()
 2 SYSTEMPATH\CodeIgniter.php(499): CodeIgniter\CodeIgniter->runController(Object(App\Controllers\Book))
 3 SYSTEMPATH\CodeIgniter.php(368): CodeIgniter\CodeIgniter->handleRequest(null, Object(Config\Cache), false)
 4 FCPATH\index.php(67): CodeIgniter\CodeIgniter->run()
 5 SYSTEMPATH\Commands\Server\rewrite.php(47): require_once('C:\\LEARNING PGT\\CI 4 LEARNING\\Pratice\\my-crud\\public\\index.php')
CRITICAL - 2023-04-10 06:41:08 --> Call to a member function isValid() on null
in APPPATH\Controllers\Book.php on line 92.
 1 SYSTEMPATH\CodeIgniter.php(934): App\Controllers\Book->addBook()
 2 SYSTEMPATH\CodeIgniter.php(499): CodeIgniter\CodeIgniter->runController(Object(App\Controllers\Book))
 3 SYSTEMPATH\CodeIgniter.php(368): CodeIgniter\CodeIgniter->handleRequest(null, Object(Config\Cache), false)
 4 FCPATH\index.php(67): CodeIgniter\CodeIgniter->run()
 5 SYSTEMPATH\Commands\Server\rewrite.php(47): require_once('C:\\LEARNING PGT\\CI 4 LEARNING\\Pratice\\my-crud\\public\\index.php')
CRITICAL - 2023-04-10 07:00:40 --> Invalid file: "pages/newUpload.php"
in SYSTEMPATH\Exceptions\FrameworkException.php on line 33.
 1 SYSTEMPATH\View\View.php(201): CodeIgniter\Exceptions\FrameworkException::forInvalidFile('pages/newUpload.php')
 2 SYSTEMPATH\Common.php(1184): CodeIgniter\View\View->render('pages/newUpload', [], true)
 3 APPPATH\Controllers\Book.php(20): view('pages/newUpload', [...])
 4 SYSTEMPATH\CodeIgniter.php(934): App\Controllers\Book->index()
 5 SYSTEMPATH\CodeIgniter.php(499): CodeIgniter\CodeIgniter->runController(Object(App\Controllers\Book))
 6 SYSTEMPATH\CodeIgniter.php(368): CodeIgniter\CodeIgniter->handleRequest(null, Object(Config\Cache), false)
 7 FCPATH\index.php(67): CodeIgniter\CodeIgniter->run()
 8 SYSTEMPATH\Commands\Server\rewrite.php(47): require_once('C:\\LEARNING PGT\\CI 4 LEARNING\\Pratice\\my-crud\\public\\index.php')
CRITICAL - 2023-04-10 07:00:53 --> Call to undefined method CodeIgniter\View\View::extends()
in APPPATH\Views\pages\uploadgbr.php on line 1.
 1 SYSTEMPATH\View\View.php(213): include()
 2 SYSTEMPATH\View\View.php(216): CodeIgniter\View\View->CodeIgniter\View\{closure}()
 3 SYSTEMPATH\Common.php(1184): CodeIgniter\View\View->render('pages/uploadgbr', [], true)
 4 APPPATH\Controllers\Book.php(20): view('pages/uploadgbr', [...])
 5 SYSTEMPATH\CodeIgniter.php(934): App\Controllers\Book->index()
 6 SYSTEMPATH\CodeIgniter.php(499): CodeIgniter\CodeIgniter->runController(Object(App\Controllers\Book))
 7 SYSTEMPATH\CodeIgniter.php(368): CodeIgniter\CodeIgniter->handleRequest(null, Object(Config\Cache), false)
 8 FCPATH\index.php(67): CodeIgniter\CodeIgniter->run()
 9 SYSTEMPATH\Commands\Server\rewrite.php(47): require_once('C:\\LEARNING PGT\\CI 4 LEARNING\\Pratice\\my-crud\\public\\index.php')
INFO - 2023-04-10 07:14:30 --> Session: Class initialized using 'CodeIgniter\Session\Handlers\FileHandler' driver.
CRITICAL - 2023-04-10 07:14:30 --> Undefined variable: old
in APPPATH\Views\pages\uploadgbr.php on line 12.
 1 APPPATH\Views\pages\uploadgbr.php(12): CodeIgniter\Debug\Exceptions->errorHandler(8, 'Undefined variable: old', 'C:\\LEARNING PGT\\CI 4 LEARNING\\Pratice\\my-crud\\app\\Views\\pages\\uploadgbr.php', 12, [...])
 2 SYSTEMPATH\View\View.php(213): include('C:\\LEARNING PGT\\CI 4 LEARNING\\Pratice\\my-crud\\app\\Views\\pages\\uploadgbr.php')
 3 SYSTEMPATH\View\View.php(216): CodeIgniter\View\View->CodeIgniter\View\{closure}()
 4 SYSTEMPATH\Common.php(1184): CodeIgniter\View\View->render('pages/uploadgbr', [], true)
 5 APPPATH\Controllers\Book.php(20): view('pages/uploadgbr', [...])
 6 SYSTEMPATH\CodeIgniter.php(934): App\Controllers\Book->index()
 7 SYSTEMPATH\CodeIgniter.php(499): CodeIgniter\CodeIgniter->runController(Object(App\Controllers\Book))
 8 SYSTEMPATH\CodeIgniter.php(368): CodeIgniter\CodeIgniter->handleRequest(null, Object(Config\Cache), false)
 9 FCPATH\index.php(67): CodeIgniter\CodeIgniter->run()
10 SYSTEMPATH\Commands\Server\rewrite.php(47): require_once('C:\\LEARNING PGT\\CI 4 LEARNING\\Pratice\\my-crud\\public\\index.php')
INFO - 2023-04-10 07:14:36 --> Session: Class initialized using 'CodeIgniter\Session\Handlers\FileHandler' driver.
CRITICAL - 2023-04-10 07:14:36 --> Undefined variable: old
in APPPATH\Views\pages\uploadgbr.php on line 12.
 1 APPPATH\Views\pages\uploadgbr.php(12): CodeIgniter\Debug\Exceptions->errorHandler(8, 'Undefined variable: old', 'C:\\LEARNING PGT\\CI 4 LEARNING\\Pratice\\my-crud\\app\\Views\\pages\\uploadgbr.php', 12, [...])
 2 SYSTEMPATH\View\View.php(213): include('C:\\LEARNING PGT\\CI 4 LEARNING\\Pratice\\my-crud\\app\\Views\\pages\\uploadgbr.php')
 3 SYSTEMPATH\View\View.php(216): CodeIgniter\View\View->CodeIgniter\View\{closure}()
 4 SYSTEMPATH\Common.php(1184): CodeIgniter\View\View->render('pages/uploadgbr', [], true)
 5 APPPATH\Controllers\Book.php(20): view('pages/uploadgbr', [...])
 6 SYSTEMPATH\CodeIgniter.php(934): App\Controllers\Book->index()
 7 SYSTEMPATH\CodeIgniter.php(499): CodeIgniter\CodeIgniter->runController(Object(App\Controllers\Book))
 8 SYSTEMPATH\CodeIgniter.php(368): CodeIgniter\CodeIgniter->handleRequest(null, Object(Config\Cache), false)
 9 FCPATH\index.php(67): CodeIgniter\CodeIgniter->run()
10 SYSTEMPATH\Commands\Server\rewrite.php(47): require_once('C:\\LEARNING PGT\\CI 4 LEARNING\\Pratice\\my-crud\\public\\index.php')
CRITICAL - 2023-04-10 09:55:12 --> Call to undefined function form_open_multipart()
in APPPATH\Views\pages\uploadgbr.php on line 17.
 1 SYSTEMPATH\View\View.php(213): include()
 2 SYSTEMPATH\View\View.php(216): CodeIgniter\View\View->CodeIgniter\View\{closure}()
 3 SYSTEMPATH\Common.php(1184): CodeIgniter\View\View->render('pages/uploadgbr', [], true)
 4 APPPATH\Controllers\Upload.php(17): view('pages/uploadgbr')
 5 SYSTEMPATH\CodeIgniter.php(934): App\Controllers\Upload->index()
 6 SYSTEMPATH\CodeIgniter.php(499): CodeIgniter\CodeIgniter->runController(Object(App\Controllers\Upload))
 7 SYSTEMPATH\CodeIgniter.php(368): CodeIgniter\CodeIgniter->handleRequest(null, Object(Config\Cache), false)
 8 FCPATH\index.php(67): CodeIgniter\CodeIgniter->run()
 9 SYSTEMPATH\Commands\Server\rewrite.php(47): require_once('C:\\LEARNING PGT\\CI 4 LEARNING\\Pratice\\my-crud\\public\\index.php')
CRITICAL - 2023-04-10 09:55:59 --> Call to undefined function form_open_multipart()
in APPPATH\Views\pages\uploadgbr.php on line 17.
 1 SYSTEMPATH\View\View.php(213): include()
 2 SYSTEMPATH\View\View.php(216): CodeIgniter\View\View->CodeIgniter\View\{closure}()
 3 SYSTEMPATH\Common.php(1184): CodeIgniter\View\View->render('pages/uploadgbr', [], true)
 4 APPPATH\Controllers\Upload.php(17): view('pages/uploadgbr')
 5 SYSTEMPATH\CodeIgniter.php(934): App\Controllers\Upload->index()
 6 SYSTEMPATH\CodeIgniter.php(499): CodeIgniter\CodeIgniter->runController(Object(App\Controllers\Upload))
 7 SYSTEMPATH\CodeIgniter.php(368): CodeIgniter\CodeIgniter->handleRequest(null, Object(Config\Cache), false)
 8 FCPATH\index.php(67): CodeIgniter\CodeIgniter->run()
 9 SYSTEMPATH\Commands\Server\rewrite.php(47): require_once('C:\\LEARNING PGT\\CI 4 LEARNING\\Pratice\\my-crud\\public\\index.php')
CRITICAL - 2023-04-10 09:56:00 --> Call to undefined function form_open_multipart()
in APPPATH\Views\pages\uploadgbr.php on line 17.
 1 SYSTEMPATH\View\View.php(213): include()
 2 SYSTEMPATH\View\View.php(216): CodeIgniter\View\View->CodeIgniter\View\{closure}()
 3 SYSTEMPATH\Common.php(1184): CodeIgniter\View\View->render('pages/uploadgbr', [], true)
 4 APPPATH\Controllers\Upload.php(17): view('pages/uploadgbr')
 5 SYSTEMPATH\CodeIgniter.php(934): App\Controllers\Upload->index()
 6 SYSTEMPATH\CodeIgniter.php(499): CodeIgniter\CodeIgniter->runController(Object(App\Controllers\Upload))
 7 SYSTEMPATH\CodeIgniter.php(368): CodeIgniter\CodeIgniter->handleRequest(null, Object(Config\Cache), false)
 8 FCPATH\index.php(67): CodeIgniter\CodeIgniter->run()
 9 SYSTEMPATH\Commands\Server\rewrite.php(47): require_once('C:\\LEARNING PGT\\CI 4 LEARNING\\Pratice\\my-crud\\public\\index.php')
CRITICAL - 2023-04-10 09:57:10 --> Call to undefined function form_open_multipart()
in APPPATH\Views\pages\uploadgbr.php on line 17.
 1 SYSTEMPATH\View\View.php(213): include()
 2 SYSTEMPATH\View\View.php(216): CodeIgniter\View\View->CodeIgniter\View\{closure}()
 3 SYSTEMPATH\Common.php(1184): CodeIgniter\View\View->render('pages/uploadgbr', [], true)
 4 APPPATH\Controllers\Upload.php(17): view('pages/uploadgbr')
 5 SYSTEMPATH\CodeIgniter.php(934): App\Controllers\Upload->index()
 6 SYSTEMPATH\CodeIgniter.php(499): CodeIgniter\CodeIgniter->runController(Object(App\Controllers\Upload))
 7 SYSTEMPATH\CodeIgniter.php(368): CodeIgniter\CodeIgniter->handleRequest(null, Object(Config\Cache), false)
 8 FCPATH\index.php(67): CodeIgniter\CodeIgniter->run()
 9 SYSTEMPATH\Commands\Server\rewrite.php(47): require_once('C:\\LEARNING PGT\\CI 4 LEARNING\\Pratice\\my-crud\\public\\index.php')
CRITICAL - 2023-04-10 09:57:10 --> Call to undefined function form_open_multipart()
in APPPATH\Views\pages\uploadgbr.php on line 17.
 1 SYSTEMPATH\View\View.php(213): include()
 2 SYSTEMPATH\View\View.php(216): CodeIgniter\View\View->CodeIgniter\View\{closure}()
 3 SYSTEMPATH\Common.php(1184): CodeIgniter\View\View->render('pages/uploadgbr', [], true)
 4 APPPATH\Controllers\Upload.php(17): view('pages/uploadgbr')
 5 SYSTEMPATH\CodeIgniter.php(934): App\Controllers\Upload->index()
 6 SYSTEMPATH\CodeIgniter.php(499): CodeIgniter\CodeIgniter->runController(Object(App\Controllers\Upload))
 7 SYSTEMPATH\CodeIgniter.php(368): CodeIgniter\CodeIgniter->handleRequest(null, Object(Config\Cache), false)
 8 FCPATH\index.php(67): CodeIgniter\CodeIgniter->run()
 9 SYSTEMPATH\Commands\Server\rewrite.php(47): require_once('C:\\LEARNING PGT\\CI 4 LEARNING\\Pratice\\my-crud\\public\\index.php')
CRITICAL - 2023-04-10 09:57:11 --> Call to undefined function form_open_multipart()
in APPPATH\Views\pages\uploadgbr.php on line 17.
 1 SYSTEMPATH\View\View.php(213): include()
 2 SYSTEMPATH\View\View.php(216): CodeIgniter\View\View->CodeIgniter\View\{closure}()
 3 SYSTEMPATH\Common.php(1184): CodeIgniter\View\View->render('pages/uploadgbr', [], true)
 4 APPPATH\Controllers\Upload.php(17): view('pages/uploadgbr')
 5 SYSTEMPATH\CodeIgniter.php(934): App\Controllers\Upload->index()
 6 SYSTEMPATH\CodeIgniter.php(499): CodeIgniter\CodeIgniter->runController(Object(App\Controllers\Upload))
 7 SYSTEMPATH\CodeIgniter.php(368): CodeIgniter\CodeIgniter->handleRequest(null, Object(Config\Cache), false)
 8 FCPATH\index.php(67): CodeIgniter\CodeIgniter->run()
 9 SYSTEMPATH\Commands\Server\rewrite.php(47): require_once('C:\\LEARNING PGT\\CI 4 LEARNING\\Pratice\\my-crud\\public\\index.php')
CRITICAL - 2023-04-10 09:58:38 --> Undefined variable: title
in APPPATH\Views\layout\template.php on line 20.
 1 APPPATH\Views\layout\template.php(20): CodeIgniter\Debug\Exceptions->errorHandler(8, 'Undefined variable: title', 'C:\\LEARNING PGT\\CI 4 LEARNING\\Pratice\\my-crud\\app\\Views\\layout\\template.php', 20, [])
 2 SYSTEMPATH\View\View.php(213): include('C:\\LEARNING PGT\\CI 4 LEARNING\\Pratice\\my-crud\\app\\Views\\layout\\template.php')
 3 SYSTEMPATH\View\View.php(216): CodeIgniter\View\View->CodeIgniter\View\{closure}()
 4 SYSTEMPATH\View\View.php(229): CodeIgniter\View\View->render('layout/template', [], true)
 5 SYSTEMPATH\Common.php(1184): CodeIgniter\View\View->render('pages/uploadgbr', [], true)
 6 APPPATH\Controllers\Upload.php(17): view('pages/uploadgbr')
 7 SYSTEMPATH\CodeIgniter.php(934): App\Controllers\Upload->index()
 8 SYSTEMPATH\CodeIgniter.php(499): CodeIgniter\CodeIgniter->runController(Object(App\Controllers\Upload))
 9 SYSTEMPATH\CodeIgniter.php(368): CodeIgniter\CodeIgniter->handleRequest(null, Object(Config\Cache), false)
10 FCPATH\index.php(67): CodeIgniter\CodeIgniter->run()
11 SYSTEMPATH\Commands\Server\rewrite.php(47): require_once('C:\\LEARNING PGT\\CI 4 LEARNING\\Pratice\\my-crud\\public\\index.php')
CRITICAL - 2023-04-10 09:59:06 --> Undefined variable: title
in APPPATH\Views\layout\template.php on line 20.
 1 APPPATH\Views\layout\template.php(20): CodeIgniter\Debug\Exceptions->errorHandler(8, 'Undefined variable: title', 'C:\\LEARNING PGT\\CI 4 LEARNING\\Pratice\\my-crud\\app\\Views\\layout\\template.php', 20, [])
 2 SYSTEMPATH\View\View.php(213): include('C:\\LEARNING PGT\\CI 4 LEARNING\\Pratice\\my-crud\\app\\Views\\layout\\template.php')
 3 SYSTEMPATH\View\View.php(216): CodeIgniter\View\View->CodeIgniter\View\{closure}()
 4 SYSTEMPATH\View\View.php(229): CodeIgniter\View\View->render('layout/template', [], true)
 5 SYSTEMPATH\Common.php(1184): CodeIgniter\View\View->render('pages/uploadgbr', [], true)
 6 APPPATH\Controllers\Upload.php(17): view('pages/uploadgbr')
 7 SYSTEMPATH\CodeIgniter.php(934): App\Controllers\Upload->index()
 8 SYSTEMPATH\CodeIgniter.php(499): CodeIgniter\CodeIgniter->runController(Object(App\Controllers\Upload))
 9 SYSTEMPATH\CodeIgniter.php(368): CodeIgniter\CodeIgniter->handleRequest(null, Object(Config\Cache), false)
10 FCPATH\index.php(67): CodeIgniter\CodeIgniter->run()
11 SYSTEMPATH\Commands\Server\rewrite.php(47): require_once('C:\\LEARNING PGT\\CI 4 LEARNING\\Pratice\\my-crud\\public\\index.php')
CRITICAL - 2023-04-10 09:59:07 --> Undefined variable: title
in APPPATH\Views\layout\template.php on line 20.
 1 APPPATH\Views\layout\template.php(20): CodeIgniter\Debug\Exceptions->errorHandler(8, 'Undefined variable: title', 'C:\\LEARNING PGT\\CI 4 LEARNING\\Pratice\\my-crud\\app\\Views\\layout\\template.php', 20, [])
 2 SYSTEMPATH\View\View.php(213): include('C:\\LEARNING PGT\\CI 4 LEARNING\\Pratice\\my-crud\\app\\Views\\layout\\template.php')
 3 SYSTEMPATH\View\View.php(216): CodeIgniter\View\View->CodeIgniter\View\{closure}()
 4 SYSTEMPATH\View\View.php(229): CodeIgniter\View\View->render('layout/template', [], true)
 5 SYSTEMPATH\Common.php(1184): CodeIgniter\View\View->render('pages/uploadgbr', [], true)
 6 APPPATH\Controllers\Upload.php(17): view('pages/uploadgbr')
 7 SYSTEMPATH\CodeIgniter.php(934): App\Controllers\Upload->index()
 8 SYSTEMPATH\CodeIgniter.php(499): CodeIgniter\CodeIgniter->runController(Object(App\Controllers\Upload))
 9 SYSTEMPATH\CodeIgniter.php(368): CodeIgniter\CodeIgniter->handleRequest(null, Object(Config\Cache), false)
10 FCPATH\index.php(67): CodeIgniter\CodeIgniter->run()
11 SYSTEMPATH\Commands\Server\rewrite.php(47): require_once('C:\\LEARNING PGT\\CI 4 LEARNING\\Pratice\\my-crud\\public\\index.php')
CRITICAL - 2023-04-10 10:00:47 --> Invalid file: "uploadgbr.php"
in SYSTEMPATH\Exceptions\FrameworkException.php on line 33.
 1 SYSTEMPATH\View\View.php(201): CodeIgniter\Exceptions\FrameworkException::forInvalidFile('uploadgbr.php')
 2 SYSTEMPATH\Common.php(1184): CodeIgniter\View\View->render('uploadgbr', [], true)
 3 APPPATH\Controllers\Upload.php(46): view('uploadgbr', [...])
 4 SYSTEMPATH\CodeIgniter.php(934): App\Controllers\Upload->upload()
 5 SYSTEMPATH\CodeIgniter.php(499): CodeIgniter\CodeIgniter->runController(Object(App\Controllers\Upload))
 6 SYSTEMPATH\CodeIgniter.php(368): CodeIgniter\CodeIgniter->handleRequest(null, Object(Config\Cache), false)
 7 FCPATH\index.php(67): CodeIgniter\CodeIgniter->run()
 8 SYSTEMPATH\Commands\Server\rewrite.php(47): require_once('C:\\LEARNING PGT\\CI 4 LEARNING\\Pratice\\my-crud\\public\\index.php')
CRITICAL - 2023-04-10 10:00:48 --> Invalid file: "uploadgbr.php"
in SYSTEMPATH\Exceptions\FrameworkException.php on line 33.
 1 SYSTEMPATH\View\View.php(201): CodeIgniter\Exceptions\FrameworkException::forInvalidFile('uploadgbr.php')
 2 SYSTEMPATH\Common.php(1184): CodeIgniter\View\View->render('uploadgbr', [], true)
 3 APPPATH\Controllers\Upload.php(46): view('uploadgbr', [...])
 4 SYSTEMPATH\CodeIgniter.php(934): App\Controllers\Upload->upload()
 5 SYSTEMPATH\CodeIgniter.php(499): CodeIgniter\CodeIgniter->runController(Object(App\Controllers\Upload))
 6 SYSTEMPATH\CodeIgniter.php(368): CodeIgniter\CodeIgniter->handleRequest(null, Object(Config\Cache), false)
 7 FCPATH\index.php(67): CodeIgniter\CodeIgniter->run()
 8 SYSTEMPATH\Commands\Server\rewrite.php(47): require_once('C:\\LEARNING PGT\\CI 4 LEARNING\\Pratice\\my-crud\\public\\index.php')
CRITICAL - 2023-04-10 10:00:48 --> Invalid file: "uploadgbr.php"
in SYSTEMPATH\Exceptions\FrameworkException.php on line 33.
 1 SYSTEMPATH\View\View.php(201): CodeIgniter\Exceptions\FrameworkException::forInvalidFile('uploadgbr.php')
 2 SYSTEMPATH\Common.php(1184): CodeIgniter\View\View->render('uploadgbr', [], true)
 3 APPPATH\Controllers\Upload.php(46): view('uploadgbr', [...])
 4 SYSTEMPATH\CodeIgniter.php(934): App\Controllers\Upload->upload()
 5 SYSTEMPATH\CodeIgniter.php(499): CodeIgniter\CodeIgniter->runController(Object(App\Controllers\Upload))
 6 SYSTEMPATH\CodeIgniter.php(368): CodeIgniter\CodeIgniter->handleRequest(null, Object(Config\Cache), false)
 7 FCPATH\index.php(67): CodeIgniter\CodeIgniter->run()
 8 SYSTEMPATH\Commands\Server\rewrite.php(47): require_once('C:\\LEARNING PGT\\CI 4 LEARNING\\Pratice\\my-crud\\public\\index.php')
CRITICAL - 2023-04-10 10:00:48 --> Invalid file: "uploadgbr.php"
in SYSTEMPATH\Exceptions\FrameworkException.php on line 33.
 1 SYSTEMPATH\View\View.php(201): CodeIgniter\Exceptions\FrameworkException::forInvalidFile('uploadgbr.php')
 2 SYSTEMPATH\Common.php(1184): CodeIgniter\View\View->render('uploadgbr', [], true)
 3 APPPATH\Controllers\Upload.php(46): view('uploadgbr', [...])
 4 SYSTEMPATH\CodeIgniter.php(934): App\Controllers\Upload->upload()
 5 SYSTEMPATH\CodeIgniter.php(499): CodeIgniter\CodeIgniter->runController(Object(App\Controllers\Upload))
 6 SYSTEMPATH\CodeIgniter.php(368): CodeIgniter\CodeIgniter->handleRequest(null, Object(Config\Cache), false)
 7 FCPATH\index.php(67): CodeIgniter\CodeIgniter->run()
 8 SYSTEMPATH\Commands\Server\rewrite.php(47): require_once('C:\\LEARNING PGT\\CI 4 LEARNING\\Pratice\\my-crud\\public\\index.php')
CRITICAL - 2023-04-10 10:00:48 --> Invalid file: "uploadgbr.php"
in SYSTEMPATH\Exceptions\FrameworkException.php on line 33.
 1 SYSTEMPATH\View\View.php(201): CodeIgniter\Exceptions\FrameworkException::forInvalidFile('uploadgbr.php')
 2 SYSTEMPATH\Common.php(1184): CodeIgniter\View\View->render('uploadgbr', [], true)
 3 APPPATH\Controllers\Upload.php(46): view('uploadgbr', [...])
 4 SYSTEMPATH\CodeIgniter.php(934): App\Controllers\Upload->upload()
 5 SYSTEMPATH\CodeIgniter.php(499): CodeIgniter\CodeIgniter->runController(Object(App\Controllers\Upload))
 6 SYSTEMPATH\CodeIgniter.php(368): CodeIgniter\CodeIgniter->handleRequest(null, Object(Config\Cache), false)
 7 FCPATH\index.php(67): CodeIgniter\CodeIgniter->run()
 8 SYSTEMPATH\Commands\Server\rewrite.php(47): require_once('C:\\LEARNING PGT\\CI 4 LEARNING\\Pratice\\my-crud\\public\\index.php')
CRITICAL - 2023-04-10 10:00:48 --> Invalid file: "uploadgbr.php"
in SYSTEMPATH\Exceptions\FrameworkException.php on line 33.
 1 SYSTEMPATH\View\View.php(201): CodeIgniter\Exceptions\FrameworkException::forInvalidFile('uploadgbr.php')
 2 SYSTEMPATH\Common.php(1184): CodeIgniter\View\View->render('uploadgbr', [], true)
 3 APPPATH\Controllers\Upload.php(46): view('uploadgbr', [...])
 4 SYSTEMPATH\CodeIgniter.php(934): App\Controllers\Upload->upload()
 5 SYSTEMPATH\CodeIgniter.php(499): CodeIgniter\CodeIgniter->runController(Object(App\Controllers\Upload))
 6 SYSTEMPATH\CodeIgniter.php(368): CodeIgniter\CodeIgniter->handleRequest(null, Object(Config\Cache), false)
 7 FCPATH\index.php(67): CodeIgniter\CodeIgniter->run()
 8 SYSTEMPATH\Commands\Server\rewrite.php(47): require_once('C:\\LEARNING PGT\\CI 4 LEARNING\\Pratice\\my-crud\\public\\index.php')
CRITICAL - 2023-04-10 10:00:53 --> Invalid file: "uploadgbr.php"
in SYSTEMPATH\Exceptions\FrameworkException.php on line 33.
 1 SYSTEMPATH\View\View.php(201): CodeIgniter\Exceptions\FrameworkException::forInvalidFile('uploadgbr.php')
 2 SYSTEMPATH\Common.php(1184): CodeIgniter\View\View->render('uploadgbr', [], true)
 3 APPPATH\Controllers\Upload.php(46): view('uploadgbr', [...])
 4 SYSTEMPATH\CodeIgniter.php(934): App\Controllers\Upload->upload()
 5 SYSTEMPATH\CodeIgniter.php(499): CodeIgniter\CodeIgniter->runController(Object(App\Controllers\Upload))
 6 SYSTEMPATH\CodeIgniter.php(368): CodeIgniter\CodeIgniter->handleRequest(null, Object(Config\Cache), false)
 7 FCPATH\index.php(67): CodeIgniter\CodeIgniter->run()
 8 SYSTEMPATH\Commands\Server\rewrite.php(47): require_once('C:\\LEARNING PGT\\CI 4 LEARNING\\Pratice\\my-crud\\public\\index.php')
CRITICAL - 2023-04-10 10:00:56 --> Invalid file: "uploadgbr.php"
in SYSTEMPATH\Exceptions\FrameworkException.php on line 33.
 1 SYSTEMPATH\View\View.php(201): CodeIgniter\Exceptions\FrameworkException::forInvalidFile('uploadgbr.php')
 2 SYSTEMPATH\Common.php(1184): CodeIgniter\View\View->render('uploadgbr', [], true)
 3 APPPATH\Controllers\Upload.php(46): view('uploadgbr', [...])
 4 SYSTEMPATH\CodeIgniter.php(934): App\Controllers\Upload->upload()
 5 SYSTEMPATH\CodeIgniter.php(499): CodeIgniter\CodeIgniter->runController(Object(App\Controllers\Upload))
 6 SYSTEMPATH\CodeIgniter.php(368): CodeIgniter\CodeIgniter->handleRequest(null, Object(Config\Cache), false)
 7 FCPATH\index.php(67): CodeIgniter\CodeIgniter->run()
 8 SYSTEMPATH\Commands\Server\rewrite.php(47): require_once('C:\\LEARNING PGT\\CI 4 LEARNING\\Pratice\\my-crud\\public\\index.php')
CRITICAL - 2023-04-10 10:00:56 --> Invalid file: "uploadgbr.php"
in SYSTEMPATH\Exceptions\FrameworkException.php on line 33.
 1 SYSTEMPATH\View\View.php(201): CodeIgniter\Exceptions\FrameworkException::forInvalidFile('uploadgbr.php')
 2 SYSTEMPATH\Common.php(1184): CodeIgniter\View\View->render('uploadgbr', [], true)
 3 APPPATH\Controllers\Upload.php(46): view('uploadgbr', [...])
 4 SYSTEMPATH\CodeIgniter.php(934): App\Controllers\Upload->upload()
 5 SYSTEMPATH\CodeIgniter.php(499): CodeIgniter\CodeIgniter->runController(Object(App\Controllers\Upload))
 6 SYSTEMPATH\CodeIgniter.php(368): CodeIgniter\CodeIgniter->handleRequest(null, Object(Config\Cache), false)
 7 FCPATH\index.php(67): CodeIgniter\CodeIgniter->run()
 8 SYSTEMPATH\Commands\Server\rewrite.php(47): require_once('C:\\LEARNING PGT\\CI 4 LEARNING\\Pratice\\my-crud\\public\\index.php')
CRITICAL - 2023-04-10 10:00:57 --> Invalid file: "uploadgbr.php"
in SYSTEMPATH\Exceptions\FrameworkException.php on line 33.
 1 SYSTEMPATH\View\View.php(201): CodeIgniter\Exceptions\FrameworkException::forInvalidFile('uploadgbr.php')
 2 SYSTEMPATH\Common.php(1184): CodeIgniter\View\View->render('uploadgbr', [], true)
 3 APPPATH\Controllers\Upload.php(46): view('uploadgbr', [...])
 4 SYSTEMPATH\CodeIgniter.php(934): App\Controllers\Upload->upload()
 5 SYSTEMPATH\CodeIgniter.php(499): CodeIgniter\CodeIgniter->runController(Object(App\Controllers\Upload))
 6 SYSTEMPATH\CodeIgniter.php(368): CodeIgniter\CodeIgniter->handleRequest(null, Object(Config\Cache), false)
 7 FCPATH\index.php(67): CodeIgniter\CodeIgniter->run()
 8 SYSTEMPATH\Commands\Server\rewrite.php(47): require_once('C:\\LEARNING PGT\\CI 4 LEARNING\\Pratice\\my-crud\\public\\index.php')
CRITICAL - 2023-04-10 10:01:01 --> Invalid file: "uploadgbr.php"
in SYSTEMPATH\Exceptions\FrameworkException.php on line 33.
 1 SYSTEMPATH\View\View.php(201): CodeIgniter\Exceptions\FrameworkException::forInvalidFile('uploadgbr.php')
 2 SYSTEMPATH\Common.php(1184): CodeIgniter\View\View->render('uploadgbr', [], true)
 3 APPPATH\Controllers\Upload.php(46): view('uploadgbr', [...])
 4 SYSTEMPATH\CodeIgniter.php(934): App\Controllers\Upload->upload()
 5 SYSTEMPATH\CodeIgniter.php(499): CodeIgniter\CodeIgniter->runController(Object(App\Controllers\Upload))
 6 SYSTEMPATH\CodeIgniter.php(368): CodeIgniter\CodeIgniter->handleRequest(null, Object(Config\Cache), false)
 7 FCPATH\index.php(67): CodeIgniter\CodeIgniter->run()
 8 SYSTEMPATH\Commands\Server\rewrite.php(47): require_once('C:\\LEARNING PGT\\CI 4 LEARNING\\Pratice\\my-crud\\public\\index.php')
CRITICAL - 2023-04-10 10:01:01 --> Invalid file: "uploadgbr.php"
in SYSTEMPATH\Exceptions\FrameworkException.php on line 33.
 1 SYSTEMPATH\View\View.php(201): CodeIgniter\Exceptions\FrameworkException::forInvalidFile('uploadgbr.php')
 2 SYSTEMPATH\Common.php(1184): CodeIgniter\View\View->render('uploadgbr', [], true)
 3 APPPATH\Controllers\Upload.php(46): view('uploadgbr', [...])
 4 SYSTEMPATH\CodeIgniter.php(934): App\Controllers\Upload->upload()
 5 SYSTEMPATH\CodeIgniter.php(499): CodeIgniter\CodeIgniter->runController(Object(App\Controllers\Upload))
 6 SYSTEMPATH\CodeIgniter.php(368): CodeIgniter\CodeIgniter->handleRequest(null, Object(Config\Cache), false)
 7 FCPATH\index.php(67): CodeIgniter\CodeIgniter->run()
 8 SYSTEMPATH\Commands\Server\rewrite.php(47): require_once('C:\\LEARNING PGT\\CI 4 LEARNING\\Pratice\\my-crud\\public\\index.php')
CRITICAL - 2023-04-10 10:01:01 --> Invalid file: "uploadgbr.php"
in SYSTEMPATH\Exceptions\FrameworkException.php on line 33.
 1 SYSTEMPATH\View\View.php(201): CodeIgniter\Exceptions\FrameworkException::forInvalidFile('uploadgbr.php')
 2 SYSTEMPATH\Common.php(1184): CodeIgniter\View\View->render('uploadgbr', [], true)
 3 APPPATH\Controllers\Upload.php(46): view('uploadgbr', [...])
 4 SYSTEMPATH\CodeIgniter.php(934): App\Controllers\Upload->upload()
 5 SYSTEMPATH\CodeIgniter.php(499): CodeIgniter\CodeIgniter->runController(Object(App\Controllers\Upload))
 6 SYSTEMPATH\CodeIgniter.php(368): CodeIgniter\CodeIgniter->handleRequest(null, Object(Config\Cache), false)
 7 FCPATH\index.php(67): CodeIgniter\CodeIgniter->run()
 8 SYSTEMPATH\Commands\Server\rewrite.php(47): require_once('C:\\LEARNING PGT\\CI 4 LEARNING\\Pratice\\my-crud\\public\\index.php')
CRITICAL - 2023-04-10 10:01:02 --> Invalid file: "uploadgbr.php"
in SYSTEMPATH\Exceptions\FrameworkException.php on line 33.
 1 SYSTEMPATH\View\View.php(201): CodeIgniter\Exceptions\FrameworkException::forInvalidFile('uploadgbr.php')
 2 SYSTEMPATH\Common.php(1184): CodeIgniter\View\View->render('uploadgbr', [], true)
 3 APPPATH\Controllers\Upload.php(46): view('uploadgbr', [...])
 4 SYSTEMPATH\CodeIgniter.php(934): App\Controllers\Upload->upload()
 5 SYSTEMPATH\CodeIgniter.php(499): CodeIgniter\CodeIgniter->runController(Object(App\Controllers\Upload))
 6 SYSTEMPATH\CodeIgniter.php(368): CodeIgniter\CodeIgniter->handleRequest(null, Object(Config\Cache), false)
 7 FCPATH\index.php(67): CodeIgniter\CodeIgniter->run()
 8 SYSTEMPATH\Commands\Server\rewrite.php(47): require_once('C:\\LEARNING PGT\\CI 4 LEARNING\\Pratice\\my-crud\\public\\index.php')
CRITICAL - 2023-04-10 10:01:02 --> Invalid file: "uploadgbr.php"
in SYSTEMPATH\Exceptions\FrameworkException.php on line 33.
 1 SYSTEMPATH\View\View.php(201): CodeIgniter\Exceptions\FrameworkException::forInvalidFile('uploadgbr.php')
 2 SYSTEMPATH\Common.php(1184): CodeIgniter\View\View->render('uploadgbr', [], true)
 3 APPPATH\Controllers\Upload.php(46): view('uploadgbr', [...])
 4 SYSTEMPATH\CodeIgniter.php(934): App\Controllers\Upload->upload()
 5 SYSTEMPATH\CodeIgniter.php(499): CodeIgniter\CodeIgniter->runController(Object(App\Controllers\Upload))
 6 SYSTEMPATH\CodeIgniter.php(368): CodeIgniter\CodeIgniter->handleRequest(null, Object(Config\Cache), false)
 7 FCPATH\index.php(67): CodeIgniter\CodeIgniter->run()
 8 SYSTEMPATH\Commands\Server\rewrite.php(47): require_once('C:\\LEARNING PGT\\CI 4 LEARNING\\Pratice\\my-crud\\public\\index.php')
CRITICAL - 2023-04-10 10:01:02 --> Invalid file: "uploadgbr.php"
in SYSTEMPATH\Exceptions\FrameworkException.php on line 33.
 1 SYSTEMPATH\View\View.php(201): CodeIgniter\Exceptions\FrameworkException::forInvalidFile('uploadgbr.php')
 2 SYSTEMPATH\Common.php(1184): CodeIgniter\View\View->render('uploadgbr', [], true)
 3 APPPATH\Controllers\Upload.php(46): view('uploadgbr', [...])
 4 SYSTEMPATH\CodeIgniter.php(934): App\Controllers\Upload->upload()
 5 SYSTEMPATH\CodeIgniter.php(499): CodeIgniter\CodeIgniter->runController(Object(App\Controllers\Upload))
 6 SYSTEMPATH\CodeIgniter.php(368): CodeIgniter\CodeIgniter->handleRequest(null, Object(Config\Cache), false)
 7 FCPATH\index.php(67): CodeIgniter\CodeIgniter->run()
 8 SYSTEMPATH\Commands\Server\rewrite.php(47): require_once('C:\\LEARNING PGT\\CI 4 LEARNING\\Pratice\\my-crud\\public\\index.php')
CRITICAL - 2023-04-10 10:02:23 --> Undefined variable: title
in APPPATH\Views\layout\template.php on line 20.
 1 APPPATH\Views\layout\template.php(20): CodeIgniter\Debug\Exceptions->errorHandler(8, 'Undefined variable: title', 'C:\\LEARNING PGT\\CI 4 LEARNING\\Pratice\\my-crud\\app\\Views\\layout\\template.php', 20, [...])
 2 SYSTEMPATH\View\View.php(213): include('C:\\LEARNING PGT\\CI 4 LEARNING\\Pratice\\my-crud\\app\\Views\\layout\\template.php')
 3 SYSTEMPATH\View\View.php(216): CodeIgniter\View\View->CodeIgniter\View\{closure}()
 4 SYSTEMPATH\View\View.php(229): CodeIgniter\View\View->render('layout/template', [], true)
 5 SYSTEMPATH\Common.php(1184): CodeIgniter\View\View->render('pages/uploadgbr', [], true)
 6 APPPATH\Controllers\Upload.php(46): view('pages/uploadgbr', [...])
 7 SYSTEMPATH\CodeIgniter.php(934): App\Controllers\Upload->upload()
 8 SYSTEMPATH\CodeIgniter.php(499): CodeIgniter\CodeIgniter->runController(Object(App\Controllers\Upload))
 9 SYSTEMPATH\CodeIgniter.php(368): CodeIgniter\CodeIgniter->handleRequest(null, Object(Config\Cache), false)
10 FCPATH\index.php(67): CodeIgniter\CodeIgniter->run()
11 SYSTEMPATH\Commands\Server\rewrite.php(47): require_once('C:\\LEARNING PGT\\CI 4 LEARNING\\Pratice\\my-crud\\public\\index.php')
CRITICAL - 2023-04-10 10:02:26 --> Undefined variable: title
in APPPATH\Views\layout\template.php on line 20.
 1 APPPATH\Views\layout\template.php(20): CodeIgniter\Debug\Exceptions->errorHandler(8, 'Undefined variable: title', 'C:\\LEARNING PGT\\CI 4 LEARNING\\Pratice\\my-crud\\app\\Views\\layout\\template.php', 20, [...])
 2 SYSTEMPATH\View\View.php(213): include('C:\\LEARNING PGT\\CI 4 LEARNING\\Pratice\\my-crud\\app\\Views\\layout\\template.php')
 3 SYSTEMPATH\View\View.php(216): CodeIgniter\View\View->CodeIgniter\View\{closure}()
 4 SYSTEMPATH\View\View.php(229): CodeIgniter\View\View->render('layout/template', [], true)
 5 SYSTEMPATH\Common.php(1184): CodeIgniter\View\View->render('pages/uploadgbr', [], true)
 6 APPPATH\Controllers\Upload.php(46): view('pages/uploadgbr', [...])
 7 SYSTEMPATH\CodeIgniter.php(934): App\Controllers\Upload->upload()
 8 SYSTEMPATH\CodeIgniter.php(499): CodeIgniter\CodeIgniter->runController(Object(App\Controllers\Upload))
 9 SYSTEMPATH\CodeIgniter.php(368): CodeIgniter\CodeIgniter->handleRequest(null, Object(Config\Cache), false)
10 FCPATH\index.php(67): CodeIgniter\CodeIgniter->run()
11 SYSTEMPATH\Commands\Server\rewrite.php(47): require_once('C:\\LEARNING PGT\\CI 4 LEARNING\\Pratice\\my-crud\\public\\index.php')
CRITICAL - 2023-04-10 10:02:26 --> Undefined variable: title
in APPPATH\Views\layout\template.php on line 20.
 1 APPPATH\Views\layout\template.php(20): CodeIgniter\Debug\Exceptions->errorHandler(8, 'Undefined variable: title', 'C:\\LEARNING PGT\\CI 4 LEARNING\\Pratice\\my-crud\\app\\Views\\layout\\template.php', 20, [...])
 2 SYSTEMPATH\View\View.php(213): include('C:\\LEARNING PGT\\CI 4 LEARNING\\Pratice\\my-crud\\app\\Views\\layout\\template.php')
 3 SYSTEMPATH\View\View.php(216): CodeIgniter\View\View->CodeIgniter\View\{closure}()
 4 SYSTEMPATH\View\View.php(229): CodeIgniter\View\View->render('layout/template', [], true)
 5 SYSTEMPATH\Common.php(1184): CodeIgniter\View\View->render('pages/uploadgbr', [], true)
 6 APPPATH\Controllers\Upload.php(46): view('pages/uploadgbr', [...])
 7 SYSTEMPATH\CodeIgniter.php(934): App\Controllers\Upload->upload()
 8 SYSTEMPATH\CodeIgniter.php(499): CodeIgniter\CodeIgniter->runController(Object(App\Controllers\Upload))
 9 SYSTEMPATH\CodeIgniter.php(368): CodeIgniter\CodeIgniter->handleRequest(null, Object(Config\Cache), false)
10 FCPATH\index.php(67): CodeIgniter\CodeIgniter->run()
11 SYSTEMPATH\Commands\Server\rewrite.php(47): require_once('C:\\LEARNING PGT\\CI 4 LEARNING\\Pratice\\my-crud\\public\\index.php')
CRITICAL - 2023-04-10 10:02:26 --> Undefined variable: title
in APPPATH\Views\layout\template.php on line 20.
 1 APPPATH\Views\layout\template.php(20): CodeIgniter\Debug\Exceptions->errorHandler(8, 'Undefined variable: title', 'C:\\LEARNING PGT\\CI 4 LEARNING\\Pratice\\my-crud\\app\\Views\\layout\\template.php', 20, [...])
 2 SYSTEMPATH\View\View.php(213): include('C:\\LEARNING PGT\\CI 4 LEARNING\\Pratice\\my-crud\\app\\Views\\layout\\template.php')
 3 SYSTEMPATH\View\View.php(216): CodeIgniter\View\View->CodeIgniter\View\{closure}()
 4 SYSTEMPATH\View\View.php(229): CodeIgniter\View\View->render('layout/template', [], true)
 5 SYSTEMPATH\Common.php(1184): CodeIgniter\View\View->render('pages/uploadgbr', [], true)
 6 APPPATH\Controllers\Upload.php(46): view('pages/uploadgbr', [...])
 7 SYSTEMPATH\CodeIgniter.php(934): App\Controllers\Upload->upload()
 8 SYSTEMPATH\CodeIgniter.php(499): CodeIgniter\CodeIgniter->runController(Object(App\Controllers\Upload))
 9 SYSTEMPATH\CodeIgniter.php(368): CodeIgniter\CodeIgniter->handleRequest(null, Object(Config\Cache), false)
10 FCPATH\index.php(67): CodeIgniter\CodeIgniter->run()
11 SYSTEMPATH\Commands\Server\rewrite.php(47): require_once('C:\\LEARNING PGT\\CI 4 LEARNING\\Pratice\\my-crud\\public\\index.php')
CRITICAL - 2023-04-10 10:02:26 --> Undefined variable: title
in APPPATH\Views\layout\template.php on line 20.
 1 APPPATH\Views\layout\template.php(20): CodeIgniter\Debug\Exceptions->errorHandler(8, 'Undefined variable: title', 'C:\\LEARNING PGT\\CI 4 LEARNING\\Pratice\\my-crud\\app\\Views\\layout\\template.php', 20, [...])
 2 SYSTEMPATH\View\View.php(213): include('C:\\LEARNING PGT\\CI 4 LEARNING\\Pratice\\my-crud\\app\\Views\\layout\\template.php')
 3 SYSTEMPATH\View\View.php(216): CodeIgniter\View\View->CodeIgniter\View\{closure}()
 4 SYSTEMPATH\View\View.php(229): CodeIgniter\View\View->render('layout/template', [], true)
 5 SYSTEMPATH\Common.php(1184): CodeIgniter\View\View->render('pages/uploadgbr', [], true)
 6 APPPATH\Controllers\Upload.php(46): view('pages/uploadgbr', [...])
 7 SYSTEMPATH\CodeIgniter.php(934): App\Controllers\Upload->upload()
 8 SYSTEMPATH\CodeIgniter.php(499): CodeIgniter\CodeIgniter->runController(Object(App\Controllers\Upload))
 9 SYSTEMPATH\CodeIgniter.php(368): CodeIgniter\CodeIgniter->handleRequest(null, Object(Config\Cache), false)
10 FCPATH\index.php(67): CodeIgniter\CodeIgniter->run()
11 SYSTEMPATH\Commands\Server\rewrite.php(47): require_once('C:\\LEARNING PGT\\CI 4 LEARNING\\Pratice\\my-crud\\public\\index.php')
CRITICAL - 2023-04-10 10:02:26 --> Undefined variable: title
in APPPATH\Views\layout\template.php on line 20.
 1 APPPATH\Views\layout\template.php(20): CodeIgniter\Debug\Exceptions->errorHandler(8, 'Undefined variable: title', 'C:\\LEARNING PGT\\CI 4 LEARNING\\Pratice\\my-crud\\app\\Views\\layout\\template.php', 20, [...])
 2 SYSTEMPATH\View\View.php(213): include('C:\\LEARNING PGT\\CI 4 LEARNING\\Pratice\\my-crud\\app\\Views\\layout\\template.php')
 3 SYSTEMPATH\View\View.php(216): CodeIgniter\View\View->CodeIgniter\View\{closure}()
 4 SYSTEMPATH\View\View.php(229): CodeIgniter\View\View->render('layout/template', [], true)
 5 SYSTEMPATH\Common.php(1184): CodeIgniter\View\View->render('pages/uploadgbr', [], true)
 6 APPPATH\Controllers\Upload.php(46): view('pages/uploadgbr', [...])
 7 SYSTEMPATH\CodeIgniter.php(934): App\Controllers\Upload->upload()
 8 SYSTEMPATH\CodeIgniter.php(499): CodeIgniter\CodeIgniter->runController(Object(App\Controllers\Upload))
 9 SYSTEMPATH\CodeIgniter.php(368): CodeIgniter\CodeIgniter->handleRequest(null, Object(Config\Cache), false)
10 FCPATH\index.php(67): CodeIgniter\CodeIgniter->run()
11 SYSTEMPATH\Commands\Server\rewrite.php(47): require_once('C:\\LEARNING PGT\\CI 4 LEARNING\\Pratice\\my-crud\\public\\index.php')
CRITICAL - 2023-04-10 10:02:26 --> Undefined variable: title
in APPPATH\Views\layout\template.php on line 20.
 1 APPPATH\Views\layout\template.php(20): CodeIgniter\Debug\Exceptions->errorHandler(8, 'Undefined variable: title', 'C:\\LEARNING PGT\\CI 4 LEARNING\\Pratice\\my-crud\\app\\Views\\layout\\template.php', 20, [...])
 2 SYSTEMPATH\View\View.php(213): include('C:\\LEARNING PGT\\CI 4 LEARNING\\Pratice\\my-crud\\app\\Views\\layout\\template.php')
 3 SYSTEMPATH\View\View.php(216): CodeIgniter\View\View->CodeIgniter\View\{closure}()
 4 SYSTEMPATH\View\View.php(229): CodeIgniter\View\View->render('layout/template', [], true)
 5 SYSTEMPATH\Common.php(1184): CodeIgniter\View\View->render('pages/uploadgbr', [], true)
 6 APPPATH\Controllers\Upload.php(46): view('pages/uploadgbr', [...])
 7 SYSTEMPATH\CodeIgniter.php(934): App\Controllers\Upload->upload()
 8 SYSTEMPATH\CodeIgniter.php(499): CodeIgniter\CodeIgniter->runController(Object(App\Controllers\Upload))
 9 SYSTEMPATH\CodeIgniter.php(368): CodeIgniter\CodeIgniter->handleRequest(null, Object(Config\Cache), false)
10 FCPATH\index.php(67): CodeIgniter\CodeIgniter->run()
11 SYSTEMPATH\Commands\Server\rewrite.php(47): require_once('C:\\LEARNING PGT\\CI 4 LEARNING\\Pratice\\my-crud\\public\\index.php')
CRITICAL - 2023-04-10 10:02:26 --> Undefined variable: title
in APPPATH\Views\layout\template.php on line 20.
 1 APPPATH\Views\layout\template.php(20): CodeIgniter\Debug\Exceptions->errorHandler(8, 'Undefined variable: title', 'C:\\LEARNING PGT\\CI 4 LEARNING\\Pratice\\my-crud\\app\\Views\\layout\\template.php', 20, [...])
 2 SYSTEMPATH\View\View.php(213): include('C:\\LEARNING PGT\\CI 4 LEARNING\\Pratice\\my-crud\\app\\Views\\layout\\template.php')
 3 SYSTEMPATH\View\View.php(216): CodeIgniter\View\View->CodeIgniter\View\{closure}()
 4 SYSTEMPATH\View\View.php(229): CodeIgniter\View\View->render('layout/template', [], true)
 5 SYSTEMPATH\Common.php(1184): CodeIgniter\View\View->render('pages/uploadgbr', [], true)
 6 APPPATH\Controllers\Upload.php(46): view('pages/uploadgbr', [...])
 7 SYSTEMPATH\CodeIgniter.php(934): App\Controllers\Upload->upload()
 8 SYSTEMPATH\CodeIgniter.php(499): CodeIgniter\CodeIgniter->runController(Object(App\Controllers\Upload))
 9 SYSTEMPATH\CodeIgniter.php(368): CodeIgniter\CodeIgniter->handleRequest(null, Object(Config\Cache), false)
10 FCPATH\index.php(67): CodeIgniter\CodeIgniter->run()
11 SYSTEMPATH\Commands\Server\rewrite.php(47): require_once('C:\\LEARNING PGT\\CI 4 LEARNING\\Pratice\\my-crud\\public\\index.php')
CRITICAL - 2023-04-10 10:02:26 --> Undefined variable: title
in APPPATH\Views\layout\template.php on line 20.
 1 APPPATH\Views\layout\template.php(20): CodeIgniter\Debug\Exceptions->errorHandler(8, 'Undefined variable: title', 'C:\\LEARNING PGT\\CI 4 LEARNING\\Pratice\\my-crud\\app\\Views\\layout\\template.php', 20, [...])
 2 SYSTEMPATH\View\View.php(213): include('C:\\LEARNING PGT\\CI 4 LEARNING\\Pratice\\my-crud\\app\\Views\\layout\\template.php')
 3 SYSTEMPATH\View\View.php(216): CodeIgniter\View\View->CodeIgniter\View\{closure}()
 4 SYSTEMPATH\View\View.php(229): CodeIgniter\View\View->render('layout/template', [], true)
 5 SYSTEMPATH\Common.php(1184): CodeIgniter\View\View->render('pages/uploadgbr', [], true)
 6 APPPATH\Controllers\Upload.php(46): view('pages/uploadgbr', [...])
 7 SYSTEMPATH\CodeIgniter.php(934): App\Controllers\Upload->upload()
 8 SYSTEMPATH\CodeIgniter.php(499): CodeIgniter\CodeIgniter->runController(Object(App\Controllers\Upload))
 9 SYSTEMPATH\CodeIgniter.php(368): CodeIgniter\CodeIgniter->handleRequest(null, Object(Config\Cache), false)
10 FCPATH\index.php(67): CodeIgniter\CodeIgniter->run()
11 SYSTEMPATH\Commands\Server\rewrite.php(47): require_once('C:\\LEARNING PGT\\CI 4 LEARNING\\Pratice\\my-crud\\public\\index.php')
CRITICAL - 2023-04-10 10:02:27 --> Undefined variable: title
in APPPATH\Views\layout\template.php on line 20.
 1 APPPATH\Views\layout\template.php(20): CodeIgniter\Debug\Exceptions->errorHandler(8, 'Undefined variable: title', 'C:\\LEARNING PGT\\CI 4 LEARNING\\Pratice\\my-crud\\app\\Views\\layout\\template.php', 20, [...])
 2 SYSTEMPATH\View\View.php(213): include('C:\\LEARNING PGT\\CI 4 LEARNING\\Pratice\\my-crud\\app\\Views\\layout\\template.php')
 3 SYSTEMPATH\View\View.php(216): CodeIgniter\View\View->CodeIgniter\View\{closure}()
 4 SYSTEMPATH\View\View.php(229): CodeIgniter\View\View->render('layout/template', [], true)
 5 SYSTEMPATH\Common.php(1184): CodeIgniter\View\View->render('pages/uploadgbr', [], true)
 6 APPPATH\Controllers\Upload.php(46): view('pages/uploadgbr', [...])
 7 SYSTEMPATH\CodeIgniter.php(934): App\Controllers\Upload->upload()
 8 SYSTEMPATH\CodeIgniter.php(499): CodeIgniter\CodeIgniter->runController(Object(App\Controllers\Upload))
 9 SYSTEMPATH\CodeIgniter.php(368): CodeIgniter\CodeIgniter->handleRequest(null, Object(Config\Cache), false)
10 FCPATH\index.php(67): CodeIgniter\CodeIgniter->run()
11 SYSTEMPATH\Commands\Server\rewrite.php(47): require_once('C:\\LEARNING PGT\\CI 4 LEARNING\\Pratice\\my-crud\\public\\index.php')
CRITICAL - 2023-04-10 10:02:27 --> Undefined variable: title
in APPPATH\Views\layout\template.php on line 20.
 1 APPPATH\Views\layout\template.php(20): CodeIgniter\Debug\Exceptions->errorHandler(8, 'Undefined variable: title', 'C:\\LEARNING PGT\\CI 4 LEARNING\\Pratice\\my-crud\\app\\Views\\layout\\template.php', 20, [...])
 2 SYSTEMPATH\View\View.php(213): include('C:\\LEARNING PGT\\CI 4 LEARNING\\Pratice\\my-crud\\app\\Views\\layout\\template.php')
 3 SYSTEMPATH\View\View.php(216): CodeIgniter\View\View->CodeIgniter\View\{closure}()
 4 SYSTEMPATH\View\View.php(229): CodeIgniter\View\View->render('layout/template', [], true)
 5 SYSTEMPATH\Common.php(1184): CodeIgniter\View\View->render('pages/uploadgbr', [], true)
 6 APPPATH\Controllers\Upload.php(46): view('pages/uploadgbr', [...])
 7 SYSTEMPATH\CodeIgniter.php(934): App\Controllers\Upload->upload()
 8 SYSTEMPATH\CodeIgniter.php(499): CodeIgniter\CodeIgniter->runController(Object(App\Controllers\Upload))
 9 SYSTEMPATH\CodeIgniter.php(368): CodeIgniter\CodeIgniter->handleRequest(null, Object(Config\Cache), false)
10 FCPATH\index.php(67): CodeIgniter\CodeIgniter->run()
11 SYSTEMPATH\Commands\Server\rewrite.php(47): require_once('C:\\LEARNING PGT\\CI 4 LEARNING\\Pratice\\my-crud\\public\\index.php')
CRITICAL - 2023-04-10 10:02:27 --> Undefined variable: title
in APPPATH\Views\layout\template.php on line 20.
 1 APPPATH\Views\layout\template.php(20): CodeIgniter\Debug\Exceptions->errorHandler(8, 'Undefined variable: title', 'C:\\LEARNING PGT\\CI 4 LEARNING\\Pratice\\my-crud\\app\\Views\\layout\\template.php', 20, [...])
 2 SYSTEMPATH\View\View.php(213): include('C:\\LEARNING PGT\\CI 4 LEARNING\\Pratice\\my-crud\\app\\Views\\layout\\template.php')
 3 SYSTEMPATH\View\View.php(216): CodeIgniter\View\View->CodeIgniter\View\{closure}()
 4 SYSTEMPATH\View\View.php(229): CodeIgniter\View\View->render('layout/template', [], true)
 5 SYSTEMPATH\Common.php(1184): CodeIgniter\View\View->render('pages/uploadgbr', [], true)
 6 APPPATH\Controllers\Upload.php(46): view('pages/uploadgbr', [...])
 7 SYSTEMPATH\CodeIgniter.php(934): App\Controllers\Upload->upload()
 8 SYSTEMPATH\CodeIgniter.php(499): CodeIgniter\CodeIgniter->runController(Object(App\Controllers\Upload))
 9 SYSTEMPATH\CodeIgniter.php(368): CodeIgniter\CodeIgniter->handleRequest(null, Object(Config\Cache), false)
10 FCPATH\index.php(67): CodeIgniter\CodeIgniter->run()
11 SYSTEMPATH\Commands\Server\rewrite.php(47): require_once('C:\\LEARNING PGT\\CI 4 LEARNING\\Pratice\\my-crud\\public\\index.php')
